<?xml version="1.0" encoding="UTF-8"?>
<testsuite xmlns:xsi="http://www.w3.org/2001/XMLSchema-instance" xsi:noNamespaceSchemaLocation="https://maven.apache.org/surefire/maven-surefire-plugin/xsd/surefire-test-report.xsd" version="3.0.2" name="com.vacaciones.notificaciones.infraestructura.adaptadores.in.messaging.SolicitudAprobadaConsumerTest" time="2.69" tests="1" errors="0" skipped="0" failures="0" flakes="0">
  <properties>
[...]
</properties>
  <testcase name="shouldMapEventAndCallUseCaseWhenSolicitudAprobadaArrives" classname="com.vacaciones.notificaciones.infraestructura.adaptadores.in.messaging.SolicitudAprobadaConsumerTest" time="1.446">
    <system-out><![CDATA[2026-09-01 17:00:25,915 INFO  [org.testcontainers.DockerClientFactory] (build-7) Testcontainers version: 2.0.5
2026-09-01 17:00:26,459 INFO  [org.testcontainers.dockerclient.DockerClientProviderStrategy] (build-7) Loaded org.testcontainers.dockerclient.NpipeSocketClientProviderStrategy from ~/.testcontainers.properties, will try it first
2026-09-01 17:00:27,021 INFO  [org.testcontainers.dockerclient.DockerClientProviderStrategy] (build-7) Found Docker environment with local Npipe socket (npipe:////./pipe/docker_engine)
2026-09-01 17:00:27,023 INFO  [org.testcontainers.DockerClientFactory] (build-7) Docker host IP address is localhost
2026-09-01 17:00:27,046 INFO  [org.testcontainers.DockerClientFactory] (build-7) Connected to docker: 
  Server Version: 29.6.2
  API Version: 1.55
  Operating System: Docker Desktop
  Total Memory: 7642 MB
  Labels: 
    com.docker.desktop.address=npipe://\\.\pipe\docker_cli
2026-09-01 17:00:27,054 INFO  [org.testcontainers.images.PullPolicy] (build-7) Image pull policy will be performed by: DefaultPullPolicy()
2026-09-01 17:00:27,056 INFO  [org.testcontainers.utility.ImageNameSubstitutor] (build-7) Image name substitution will be performed by: DefaultImageNameSubstitutor (composite of 'ConfigurationFileImageNameSubstitutor' and 'PrefixingImageNameSubstitutor')
2026-09-01 17:00:27,061 INFO  [org.testcontainers.DockerClientFactory] (build-7) Checking the system...
2026-09-01 17:00:27,062 INFO  [org.testcontainers.DockerClientFactory] (build-7) ?? Docker server version should be at least 1.6.0
2026-09-01 17:00:27,139 INFO  [tc.docker.io/library/mongo:7.0] (build-7) Creating container for image: docker.io/library/mongo:7.0
2026-09-01 17:00:27,268 INFO  [org.testcontainers.utility.RegistryAuthLocator] (build-7) Credential helper/store (docker-credential-desktop) does not have credentials for docker.io
2026-09-01 17:00:27,276 INFO  [tc.testcontainers/ryuk:0.14.0] (build-7) Creating container for image: testcontainers/ryuk:0.14.0
2026-09-01 17:00:27,523 INFO  [tc.testcontainers/ryuk:0.14.0] (build-7) Container testcontainers/ryuk:0.14.0 is starting: 76999ab2cdc96c74debdb1e051733799ff81e2e3671cfcb674fa7f6c1f20cdbc
2026-09-01 17:00:27,984 INFO  [tc.testcontainers/ryuk:0.14.0] (build-7) Container testcontainers/ryuk:0.14.0 started in PT0.7080159S
2026-09-01 17:00:28,062 INFO  [tc.docker.io/library/mongo:7.0] (build-7) Container docker.io/library/mongo:7.0 is starting: 0a167534639fa04763feec393acf7db4187e6b6f7331d944cc20cf95393c969e
2026-09-01 17:00:29,382 INFO  [tc.docker.io/library/mongo:7.0] (build-7) Container docker.io/library/mongo:7.0 started in PT2.2426019S
2026-09-01 17:00:33,901 INFO  [io.quarkus.scheduler.runtime.SimpleScheduler] (main) No scheduled business methods found - Simple scheduler will not be started
2026-09-01 17:00:34,095 INFO  [org.mongodb.driver.client] (main) MongoClient with metadata {"driver": {"name": "mongo-java-driver|quarkus|reactive-streams", "version": "5.6.5"}, "os": {"type": "Windows", "name": "Windows 11", "architecture": "amd64", "version": "10.0"}, "platform": "Java/Eclipse Adoptium/25.0.4+7-LTS"} created with settings MongoClientSettings{readPreference=primary, writeConcern=WriteConcern{w=null, wTimeout=null ms, journal=true}, retryWrites=false, retryReads=true, readConcern=ReadConcern{level=null}, credential=null, transportSettings=NettyTransportSettings{eventLoopGroup=io.netty.channel.nio.NioEventLoopGroup@3445ddf2, socketChannelClass=class io.netty.channel.socket.nio.NioSocketChannel, allocator=PooledByteBufAllocator(directByDefault: true), sslContext=null}, commandListeners=[], codecRegistry=ProvidersCodecRegistry{codecProviders=[ProvidersCodecRegistry{codecProviders=[ValueCodecProvider{}, BsonValueCodecProvider{}, DBRefCodecProvider{}, DBObjectCodecProvider{}, DocumentCodecProvider{}, CollectionCodecProvider{}, IterableCodecProvider{}, MapCodecProvider{}, GeoJsonCodecProvider{}, GridFSFileCodecProvider{}, Jsr310CodecProvider{}, JsonObjectCodecProvider{}, BsonCodecProvider{}, com.mongodb.client.model.mql.ExpressionCodecProvider@27b84c9a, com.mongodb.Jep395RecordCodecProvider@21abd3a3, com.mongodb.KotlinCodecProvider@6d514259, EnumCodecProvider{}]}, ProvidersCodecRegistry{codecProviders=[org.bson.codecs.pojo.PojoCodecProvider@77e1b84c]}]}, loggerSettings=LoggerSettings{maxDocumentLength=1000}, clusterSettings={hosts=[localhost:62289], srvServiceName=mongodb, mode=SINGLE, requiredClusterType=UNKNOWN, requiredReplicaSetName='null', serverSelector='null', clusterListeners='[]', serverSelectionTimeout='30000 ms', localThreshold='15 ms'}, socketSettings=SocketSettings{connectTimeoutMS=10000, readTimeoutMS=0, receiveBufferSize=0, proxySettings=ProxySettings{host=null, port=null, username=null, password=null}}, heartbeatSocketSettings=SocketSettings{connectTimeoutMS=10000, readTimeoutMS=10000, receiveBufferSize=0, proxySettings=ProxySettings{host=null, port=null, username=null, password=null}}, connectionPoolSettings=ConnectionPoolSettings{maxSize=100, minSize=0, maxWaitTimeMS=120000, maxConnectionLifeTimeMS=0, maxConnectionIdleTimeMS=0, maintenanceInitialDelayMS=0, maintenanceFrequencyMS=60000, connectionPoolListeners=[], maxConnecting=2}, serverSettings=ServerSettings{heartbeatFrequencyMS=10000, minHeartbeatFrequencyMS=500, serverMonitoringMode=AUTO, serverListeners='[]', serverMonitorListeners='[]'}, sslSettings=SslSettings{enabled=false, invalidHostNameAllowed=false, context=null}, applicationName='null', compressorList=[], uuidRepresentation=UNSPECIFIED, serverApi=null, autoEncryptionSettings=null, dnsClient=null, inetAddressResolver=null, contextProvider=null, timeoutMS=null}
2026-09-01 17:00:34,110 INFO  [org.mongodb.driver.client] (main) MongoClient with metadata {"driver": {"name": "mongo-java-driver|quarkus|sync", "version": "5.6.5"}, "os": {"type": "Windows", "name": "Windows 11", "architecture": "amd64", "version": "10.0"}, "platform": "Java/Eclipse Adoptium/25.0.4+7-LTS"} created with settings MongoClientSettings{readPreference=primary, writeConcern=WriteConcern{w=null, wTimeout=null ms, journal=true}, retryWrites=false, retryReads=true, readConcern=ReadConcern{level=null}, credential=null, transportSettings=null, commandListeners=[], codecRegistry=ProvidersCodecRegistry{codecProviders=[ProvidersCodecRegistry{codecProviders=[ValueCodecProvider{}, BsonValueCodecProvider{}, DBRefCodecProvider{}, DBObjectCodecProvider{}, DocumentCodecProvider{}, CollectionCodecProvider{}, IterableCodecProvider{}, MapCodecProvider{}, GeoJsonCodecProvider{}, GridFSFileCodecProvider{}, Jsr310CodecProvider{}, JsonObjectCodecProvider{}, BsonCodecProvider{}, com.mongodb.client.model.mql.ExpressionCodecProvider@27b84c9a, com.mongodb.Jep395RecordCodecProvider@21abd3a3, com.mongodb.KotlinCodecProvider@6d514259, EnumCodecProvider{}]}, ProvidersCodecRegistry{codecProviders=[org.bson.codecs.pojo.PojoCodecProvider@44a1ae4e]}]}, loggerSettings=LoggerSettings{maxDocumentLength=1000}, clusterSettings={hosts=[localhost:62289], srvServiceName=mongodb, mode=SINGLE, requiredClusterType=UNKNOWN, requiredReplicaSetName='null', serverSelector='null', clusterListeners='[]', serverSelectionTimeout='30000 ms', localThreshold='15 ms'}, socketSettings=SocketSettings{connectTimeoutMS=10000, readTimeoutMS=0, receiveBufferSize=0, proxySettings=ProxySettings{host=null, port=null, username=null, password=null}}, heartbeatSocketSettings=SocketSettings{connectTimeoutMS=10000, readTimeoutMS=10000, receiveBufferSize=0, proxySettings=ProxySettings{host=null, port=null, username=null, password=null}}, connectionPoolSettings=ConnectionPoolSettings{maxSize=100, minSize=0, maxWaitTimeMS=120000, maxConnectionLifeTimeMS=0, maxConnectionIdleTimeMS=0, maintenanceInitialDelayMS=0, maintenanceFrequencyMS=60000, connectionPoolListeners=[], maxConnecting=2}, serverSettings=ServerSettings{heartbeatFrequencyMS=10000, minHeartbeatFrequencyMS=500, serverMonitoringMode=AUTO, serverListeners='[]', serverMonitorListeners='[]'}, sslSettings=SslSettings{enabled=false, invalidHostNameAllowed=false, context=null}, applicationName='null', compressorList=[], uuidRepresentation=UNSPECIFIED, serverApi=null, autoEncryptionSettings=null, dnsClient=null, inetAddressResolver=null, contextProvider=null, timeoutMS=null}
2026-09-01 17:00:34,142 INFO  [org.mongodb.driver.cluster] (cluster-ClusterId{value='6a974b0218d3ddf518de4d97', description='null'}-localhost:62289) Monitor thread successfully connected to server with description ServerDescription{address=localhost:62289, type=REPLICA_SET_PRIMARY, cryptd=false, state=CONNECTED, ok=true, minWireVersion=0, maxWireVersion=21, maxDocumentSize=16777216, logicalSessionTimeoutMinutes=30, roundTripTimeNanos=27765400, minRoundTripTimeNanos=0, setName='docker-rs', canonicalAddress=0a167534639f:27017, hosts=[0a167534639f:27017], passives=[], arbiters=[], primary='0a167534639f:27017', tagSet=TagSet{[]}, electionId=7fffffff0000000000000001, setVersion=1, topologyVersion=TopologyVersion{processId=6a974afc117496f484d4603f, counter=6}, lastWriteDate=Tue Sep 01 17:00:30 GMT-05:00 2026, lastUpdateTimeNanos=362367235005800}
2026-09-01 17:00:34,176 INFO  [org.mongodb.driver.cluster] (cluster-ClusterId{value='6a974b0218d3ddf518de4d96', description='null'}-localhost:62289) Monitor thread successfully connected to server with description ServerDescription{address=localhost:62289, type=REPLICA_SET_PRIMARY, cryptd=false, state=CONNECTED, ok=true, minWireVersion=0, maxWireVersion=21, maxDocumentSize=16777216, logicalSessionTimeoutMinutes=30, roundTripTimeNanos=35838100, minRoundTripTimeNanos=0, setName='docker-rs', canonicalAddress=0a167534639f:27017, hosts=[0a167534639f:27017], passives=[], arbiters=[], primary='0a167534639f:27017', tagSet=TagSet{[]}, electionId=7fffffff0000000000000001, setVersion=1, topologyVersion=TopologyVersion{processId=6a974afc117496f484d4603f, counter=6}, lastWriteDate=Tue Sep 01 17:00:30 GMT-05:00 2026, lastUpdateTimeNanos=362367272070900}
2026-09-01 17:00:34,194 INFO  [io.quarkus] (main) ms-notificaciones 1.0.0-SNAPSHOT on JVM (powered by Quarkus 3.35.2) started in 12.074s. Listening on: http://localhost:8081
2026-09-01 17:00:34,194 INFO  [io.quarkus] (main) Profile test activated. 
2026-09-01 17:00:34,194 INFO  [io.quarkus] (main) Installed features: [cdi, compose, kafka-client, mailer, messaging, messaging-kafka, mongodb-client, mongodb-panache, narayana-jta, qute, rest, rest-jackson, scheduler, smallrye-context-propagation, smallrye-health, smallrye-openapi, swagger-ui, vertx, websockets-next]
2026-09-01 17:00:35,604 INFO  [com.vacaciones.notificaciones.infraestructura.adaptadores.in.messaging.SolicitudAprobadaConsumer] (executor-thread-1) Evento 'solicitud.aprobada' recibido: {"eventoId":"evt-1","solicitudId":9001,"colaboradorId":1001,"colaboradorEmail":"colaborador@empresa.com","colaboradorNombre":"Ana Perez","fechaInicio":[2026,9,10],"fechaFin":[2026,9,15]}
]]></system-out>
    <system-err><![CDATA[Mockito is currently self-attaching to enable the inline-mock-maker. This will no longer work in future releases of the JDK. Please add Mockito as an agent to your build as described in Mockito's documentation: https://javadoc.io/doc/org.mockito/mockito-core/latest/org.mockito/org/mockito/Mockito.html#0.3
WARNING: A Java agent has been loaded dynamically (C:\Users\alexander\.m2\repository\net\bytebuddy\byte-buddy-agent\1.18.8\byte-buddy-agent-1.18.8.jar)
WARNING: If a serviceability tool is in use, please run with -XX:+EnableDynamicAgentLoading to hide this warning
WARNING: If a serviceability tool is not in use, please run with -Djdk.instrument.traceUsage for more information
WARNING: Dynamic loading of agents will be disallowed by default in a future release
]]></system-err>
  </testcase>
</testsuite>